0 info it worked if it ends with ok
1 verbose cli [ 'C:\\Program Files\\nodejs-424\\node.exe',
1 verbose cli   'C:\\Program Files\\nodejs-424\\node_modules\\npm\\bin\\npm-cli.js',
1 verbose cli   'start' ]
2 info using npm@2.15.8
3 info using node@v4.4.7
4 verbose config Skipping project config: C:\Users\sam/.npmrc. (matches userconfig)
5 verbose run-script [ 'prestart', 'start', 'poststart' ]
6 info prestart sam@0.0.0
7 info start sam@0.0.0
8 verbose unsafe-perm in lifecycle true
9 info sam@0.0.0 Failed to exec start script
10 verbose stack Error: sam@0.0.0 start: `node ./bin/www`
10 verbose stack Exit status 1
10 verbose stack     at EventEmitter.<anonymous> (C:\Program Files\nodejs-424\node_modules\npm\lib\utils\lifecycle.js:217:16)
10 verbose stack     at emitTwo (events.js:87:13)
10 verbose stack     at EventEmitter.emit (events.js:172:7)
10 verbose stack     at ChildProcess.<anonymous> (C:\Program Files\nodejs-424\node_modules\npm\lib\utils\spawn.js:24:14)
10 verbose stack     at emitTwo (events.js:87:13)
10 verbose stack     at ChildProcess.emit (events.js:172:7)
10 verbose stack     at maybeClose (internal/child_process.js:827:16)
10 verbose stack     at Process.ChildProcess._handle.onexit (internal/child_process.js:211:5)
11 verbose pkgid sam@0.0.0
12 verbose cwd C:\Users\sam\Desktop\node_express\mspace
13 error Windows_NT 10.0.14393
14 error argv "C:\\Program Files\\nodejs-424\\node.exe" "C:\\Program Files\\nodejs-424\\node_modules\\npm\\bin\\npm-cli.js" "start"
15 error node v4.4.7
16 error npm  v2.15.8
17 error code ELIFECYCLE
18 error sam@0.0.0 start: `node ./bin/www`
18 error Exit status 1
19 error Failed at the sam@0.0.0 start script 'node ./bin/www'.
19 error This is most likely a problem with the sam package,
19 error not with npm itself.
19 error Tell the author that this fails on your system:
19 error     node ./bin/www
19 error You can get information on how to open an issue for this project with:
19 error     npm bugs sam
19 error Or if that isn't available, you can get their info via:
19 error
19 error     npm owner ls sam
19 error There is likely additional logging output above.
20 verbose exit [ 1, true ]
